[0121/081638.085:ERROR:process_info.cc(359)] UncheckedAllocate
[0121/084432.867:ERROR:process_info.cc(359)] UncheckedAllocate
[0121/090645.380:ERROR:process_info.cc(359)] UncheckedAllocate
[0121/090803.144:ERROR:process_info.cc(359)] UncheckedAllocate
[0121/090803.442:ERROR:process_info.cc(359)] UncheckedAllocate
[0121/090939.080:ERROR:process_info.cc(359)] UncheckedAllocate
[0121/090939.790:ERROR:process_reader_win.cc(182)] ResumeThread: Parametr jest niepoprawny. (0x57)
[0121/090939.790:ERROR:process_reader_win.cc(151)] SuspendThread: Odmowa dostêpu. (0x5)
[0121/090939.790:ERROR:process_reader_win.cc(151)] SuspendThread: Odmowa dostêpu. (0x5)
[0121/090939.790:ERROR:process_reader_win.cc(151)] SuspendThread: Odmowa dostêpu. (0x5)
[0121/090939.790:ERROR:process_reader_win.cc(151)] SuspendThread: Odmowa dostêpu. (0x5)
[0121/090939.790:ERROR:process_reader_win.cc(151)] SuspendThread: Odmowa dostêpu. (0x5)
[0121/090939.790:ERROR:process_reader_win.cc(151)] SuspendThread: Odmowa dostêpu. (0x5)
[0121/090939.790:ERROR:process_reader_win.cc(151)] SuspendThread: Odmowa dostêpu. (0x5)
[0121/090939.790:ERROR:process_reader_win.cc(151)] SuspendThread: Odmowa dostêpu. (0x5)
[0121/090939.790:ERROR:file_io_win.cc(161)] CreateFile C:\Users\sswie\AppData\Local\Temp\scoped_dir356_463433980\Crashpad\settings.dat: Nie mo¿na odnaleŸæ okreœlonego pliku. (0x2)
[0121/090939.852:ERROR:process_memory_win.cc(73)] ReadMemory at 0x4fa6bf9000 of 28672 bytes failed: Ukoñczono tylko czêœæ ¿¹dania ReadProcessMemory lub WriteProcessMemory. (0x12B)
[0121/090939.852:ERROR:process_memory_win.cc(73)] ReadMemory at 0x4fa73fd000 of 12288 bytes failed: Ukoñczono tylko czêœæ ¿¹dania ReadProcessMemory lub WriteProcessMemory. (0x12B)
[0121/090939.852:ERROR:process_memory_win.cc(73)] ReadMemory at 0x4fa7bfd000 of 12288 bytes failed: Ukoñczono tylko czêœæ ¿¹dania ReadProcessMemory lub WriteProcessMemory. (0x12B)
[0121/090939.852:ERROR:process_memory_win.cc(73)] ReadMemory at 0x4fa62cb000 of 852 bytes failed: Ukoñczono tylko czêœæ ¿¹dania ReadProcessMemory lub WriteProcessMemory. (0x12B)
[0121/090939.852:ERROR:process_memory_win.cc(73)] ReadMemory at 0x4fa62cc000 of 6024 bytes failed: Ukoñczono tylko czêœæ ¿¹dania ReadProcessMemory lub WriteProcessMemory. (0x12B)
[0121/090939.852:ERROR:process_memory_win.cc(73)] ReadMemory at 0x4fa62ce000 of 6024 bytes failed: Ukoñczono tylko czêœæ ¿¹dania ReadProcessMemory lub WriteProcessMemory. (0x12B)
[0121/090939.868:ERROR:process_memory_win.cc(73)] ReadMemory at 0x4fa62d0000 of 6024 bytes failed: Ukoñczono tylko czêœæ ¿¹dania ReadProcessMemory lub WriteProcessMemory. (0x12B)
[0121/090939.868:ERROR:process_memory_win.cc(73)] ReadMemory at 0x1f5710b0c40 of 800 bytes failed: Ukoñczono tylko czêœæ ¿¹dania ReadProcessMemory lub WriteProcessMemory. (0x12B)
[0121/090939.868:ERROR:process_memory_win.cc(73)] ReadMemory at 0x1f5710b0fa0 of 512 bytes failed: Ukoñczono tylko czêœæ ¿¹dania ReadProcessMemory lub WriteProcessMemory. (0x12B)
[0121/090939.868:ERROR:process_memory_win.cc(73)] ReadMemory at 0x1f571140fc0 of 4342 bytes failed: Ukoñczono tylko czêœæ ¿¹dania ReadProcessMemory lub WriteProcessMemory. (0x12B)
[0121/090939.868:ERROR:process_memory_win.cc(73)] ReadMemory at 0x1f5711420c0 of 1012 bytes failed: Ukoñczono tylko czêœæ ¿¹dania ReadProcessMemory lub WriteProcessMemory. (0x12B)
[0121/090939.868:ERROR:process_memory_win.cc(73)] ReadMemory at 0x1f5711426d8 of 118 bytes failed: Ukoñczono tylko czêœæ ¿¹dania ReadProcessMemory lub WriteProcessMemory. (0x12B)
[0121/090939.868:ERROR:process_memory_win.cc(73)] ReadMemory at 0x1f571142750 of 1316 bytes failed: Ukoñczono tylko czêœæ ¿¹dania ReadProcessMemory lub WriteProcessMemory. (0x12B)
[0121/090939.868:ERROR:process_memory_win.cc(73)] ReadMemory at 0x1f571142c76 of 118 bytes failed: Ukoñczono tylko czêœæ ¿¹dania ReadProcessMemory lub WriteProcessMemory. (0x12B)
[0121/090939.868:ERROR:process_memory_win.cc(73)] ReadMemory at 0x1f571142cee of 94 bytes failed: Ukoñczono tylko czêœæ ¿¹dania ReadProcessMemory lub WriteProcessMemory. (0x12B)
[0121/090939.868:ERROR:process_memory_win.cc(73)] ReadMemory at 0x1f571142d60 of 58 bytes failed: Ukoñczono tylko czêœæ ¿¹dania ReadProcessMemory lub WriteProcessMemory. (0x12B)
[0121/090939.868:ERROR:process_memory_win.cc(73)] ReadMemory at 0x1f571142e60 of 132 bytes failed: Ukoñczono tylko czêœæ ¿¹dania ReadProcessMemory lub WriteProcessMemory. (0x12B)
[0121/090939.868:ERROR:process_memory_win.cc(73)] ReadMemory at 0x1f571142ff0 of 132 bytes failed: Ukoñczono tylko czêœæ ¿¹dania ReadProcessMemory lub WriteProcessMemory. (0x12B)
[0121/090939.868:ERROR:process_memory_win.cc(73)] ReadMemory at 0x1f5711431b0 of 126 bytes failed: Ukoñczono tylko czêœæ ¿¹dania ReadProcessMemory lub WriteProcessMemory. (0x12B)
[0121/090939.868:ERROR:process_memory_win.cc(73)] ReadMemory at 0x1f571143590 of 132 bytes failed: Ukoñczono tylko czêœæ ¿¹dania ReadProcessMemory lub WriteProcessMemory. (0x12B)
[0121/090939.868:ERROR:process_memory_win.cc(73)] ReadMemory at 0x1f571143720 of 64 bytes failed: Ukoñczono tylko czêœæ ¿¹dania ReadProcessMemory lub WriteProcessMemory. (0x12B)
[0121/090939.868:ERROR:process_memory_win.cc(73)] ReadMemory at 0x1f571143770 of 132 bytes failed: Ukoñczono tylko czêœæ ¿¹dania ReadProcessMemory lub WriteProcessMemory. (0x12B)
[0121/090939.868:ERROR:process_memory_win.cc(73)] ReadMemory at 0x1f5711438a0 of 54 bytes failed: Ukoñczono tylko czêœæ ¿¹dania ReadProcessMemory lub WriteProcessMemory. (0x12B)
[0121/090939.868:ERROR:process_memory_win.cc(73)] ReadMemory at 0x1f5711438e0 of 132 bytes failed: Ukoñczono tylko czêœæ ¿¹dania ReadProcessMemory lub WriteProcessMemory. (0x12B)
[0121/090939.868:ERROR:process_memory_win.cc(73)] ReadMemory at 0x1f571143b60 of 132 bytes failed: Ukoñczono tylko czêœæ ¿¹dania ReadProcessMemory lub WriteProcessMemory. (0x12B)
[0121/090939.868:ERROR:process_memory_win.cc(73)] ReadMemory at 0x1f571143cf0 of 68 bytes failed: Ukoñczono tylko czêœæ ¿¹dania ReadProcessMemory lub WriteProcessMemory. (0x12B)
[0121/090939.868:ERROR:process_memory_win.cc(73)] ReadMemory at 0x1f571144bc0 of 158 bytes failed: Ukoñczono tylko czêœæ ¿¹dania ReadProcessMemory lub WriteProcessMemory. (0x12B)
[0121/090939.868:ERROR:process_memory_win.cc(73)] ReadMemory at 0x1f571144ca0 of 132 bytes failed: Ukoñczono tylko czêœæ ¿¹dania ReadProcessMemory lub WriteProcessMemory. (0x12B)
[0121/090939.868:ERROR:process_memory_win.cc(73)] ReadMemory at 0x1f571144e30 of 154 bytes failed: Ukoñczono tylko czêœæ ¿¹dania ReadProcessMemory lub WriteProcessMemory. (0x12B)
[0121/090939.868:ERROR:process_memory_win.cc(73)] ReadMemory at 0x1f5711459b0 of 132 bytes failed: Ukoñczono tylko czêœæ ¿¹dania ReadProcessMemory lub WriteProcessMemory. (0x12B)
[0121/090939.868:ERROR:process_memory_win.cc(73)] ReadMemory at 0x1f571145cb0 of 62 bytes failed: Ukoñczono tylko czêœæ ¿¹dania ReadProcessMemory lub WriteProcessMemory. (0x12B)
[0121/090939.868:ERROR:process_memory_win.cc(73)] ReadMemory at 0x1f571145d00 of 132 bytes failed: Ukoñczono tylko czêœæ ¿¹dania ReadProcessMemory lub WriteProcessMemory. (0x12B)
[0121/090939.868:ERROR:process_memory_win.cc(73)] ReadMemory at 0x1f571145ea0 of 132 bytes failed: Ukoñczono tylko czêœæ ¿¹dania ReadProcessMemory lub WriteProcessMemory. (0x12B)
[0121/090939.868:ERROR:process_memory_win.cc(73)] ReadMemory at 0x1f571145fd0 of 60 bytes failed: Ukoñczono tylko czêœæ ¿¹dania ReadProcessMemory lub WriteProcessMemory. (0x12B)
[0121/090939.868:ERROR:process_memory_win.cc(73)] ReadMemory at 0x1f57114a560 of 132 bytes failed: Ukoñczono tylko czêœæ ¿¹dania ReadProcessMemory lub WriteProcessMemory. (0x12B)
[0121/090939.868:ERROR:process_memory_win.cc(73)] ReadMemory at 0x1f57114a690 of 132 bytes failed: Ukoñczono tylko czêœæ ¿¹dania ReadProcessMemory lub WriteProcessMemory. (0x12B)
[0121/090939.868:ERROR:process_memory_win.cc(73)] ReadMemory at 0x1f57114a820 of 80 bytes failed: Ukoñczono tylko czêœæ ¿¹dania ReadProcessMemory lub WriteProcessMemory. (0x12B)
[0121/090939.868:ERROR:process_memory_win.cc(73)] ReadMemory at 0x1f57114c730 of 62 bytes failed: Ukoñczono tylko czêœæ ¿¹dania ReadProcessMemory lub WriteProcessMemory. (0x12B)
[0121/090939.868:ERROR:process_memory_win.cc(73)] ReadMemory at 0x1f57114c780 of 66 bytes failed: Ukoñczono tylko czêœæ ¿¹dania ReadProcessMemory lub WriteProcessMemory. (0x12B)
[0121/090939.868:ERROR:process_memory_win.cc(73)] ReadMemory at 0x1f57114c7d0 of 64 bytes failed: Ukoñczono tylko czêœæ ¿¹dania ReadProcessMemory lub WriteProcessMemory. (0x12B)
[0121/090939.868:ERROR:process_memory_win.cc(73)] ReadMemory at 0x1f57114c820 of 64 bytes failed: Ukoñczono tylko czêœæ ¿¹dania ReadProcessMemory lub WriteProcessMemory. (0x12B)
[0121/090939.868:ERROR:process_memory_win.cc(73)] ReadMemory at 0x1f57114c870 of 62 bytes failed: Ukoñczono tylko czêœæ ¿¹dania ReadProcessMemory lub WriteProcessMemory. (0x12B)
[0121/090939.868:ERROR:process_memory_win.cc(73)] ReadMemory at 0x1f57114c910 of 58 bytes failed: Ukoñczono tylko czêœæ ¿¹dania ReadProcessMemory lub WriteProcessMemory. (0x12B)
[0121/090939.868:ERROR:process_memory_win.cc(73)] ReadMemory at 0x1f57114c960 of 62 bytes failed: Ukoñczono tylko czêœæ ¿¹dania ReadProcessMemory lub WriteProcessMemory. (0x12B)
[0121/090939.868:ERROR:process_memory_win.cc(73)] ReadMemory at 0x1f57114c9b0 of 64 bytes failed: Ukoñczono tylko czêœæ ¿¹dania ReadProcessMemory lub WriteProcessMemory. (0x12B)
[0121/090939.868:ERROR:process_memory_win.cc(73)] ReadMemory at 0x1f57114ca00 of 62 bytes failed: Ukoñczono tylko czêœæ ¿¹dania ReadProcessMemory lub WriteProcessMemory. (0x12B)
[0121/090939.868:ERROR:process_memory_win.cc(73)] ReadMemory at 0x1f57114ca50 of 60 bytes failed: Ukoñczono tylko czêœæ ¿¹dania ReadProcessMemory lub WriteProcessMemory. (0x12B)
[0121/090939.868:ERROR:process_memory_win.cc(73)] ReadMemory at 0x1f57114caa0 of 64 bytes failed: Ukoñczono tylko czêœæ ¿¹dania ReadProcessMemory lub WriteProcessMemory. (0x12B)
[0121/090939.868:ERROR:process_memory_win.cc(73)] ReadMemory at 0x1f57114caf0 of 60 bytes failed: Ukoñczono tylko czêœæ ¿¹dania ReadProcessMemory lub WriteProcessMemory. (0x12B)
[0121/090939.868:ERROR:process_memory_win.cc(73)] ReadMemory at 0x1f57114cb40 of 64 bytes failed: Ukoñczono tylko czêœæ ¿¹dania ReadProcessMemory lub WriteProcessMemory. (0x12B)
[0121/090939.868:ERROR:process_memory_win.cc(73)] ReadMemory at 0x1f57114cb90 of 62 bytes failed: Ukoñczono tylko czêœæ ¿¹dania ReadProcessMemory lub WriteProcessMemory. (0x12B)
[0121/090939.868:ERROR:process_memory_win.cc(73)] ReadMemory at 0x1f57114cc30 of 64 bytes failed: Ukoñczono tylko czêœæ ¿¹dania ReadProcessMemory lub WriteProcessMemory. (0x12B)
[0121/090939.868:ERROR:process_memory_win.cc(73)] ReadMemory at 0x1f57114cc80 of 62 bytes failed: Ukoñczono tylko czêœæ ¿¹dania ReadProcessMemory lub WriteProcessMemory. (0x12B)
[0121/090939.868:ERROR:process_memory_win.cc(73)] ReadMemory at 0x1f57114ccd0 of 60 bytes failed: Ukoñczono tylko czêœæ ¿¹dania ReadProcessMemory lub WriteProcessMemory. (0x12B)
[0121/090939.868:ERROR:process_memory_win.cc(73)] ReadMemory at 0x1f57114cd20 of 62 bytes failed: Ukoñczono tylko czêœæ ¿¹dania ReadProcessMemory lub WriteProcessMemory. (0x12B)
[0121/090939.868:ERROR:process_memory_win.cc(73)] ReadMemory at 0x1f57114cdc0 of 62 bytes failed: Ukoñczono tylko czêœæ ¿¹dania ReadProcessMemory lub WriteProcessMemory. (0x12B)
[0121/090939.868:ERROR:process_memory_win.cc(73)] ReadMemory at 0x1f57114ce10 of 64 bytes failed: Ukoñczono tylko czêœæ ¿¹dania ReadProcessMemory lub WriteProcessMemory. (0x12B)
[0121/090939.868:ERROR:process_memory_win.cc(73)] ReadMemory at 0x1f57114ce60 of 60 bytes failed: Ukoñczono tylko czêœæ ¿¹dania ReadProcessMemory lub WriteProcessMemory. (0x12B)
[0121/090939.868:ERROR:process_memory_win.cc(73)] ReadMemory at 0x1f57114d2f0 of 132 bytes failed: Ukoñczono tylko czêœæ ¿¹dania ReadProcessMemory lub WriteProcessMemory. (0x12B)
[0121/090939.868:ERROR:process_memory_win.cc(73)] ReadMemory at 0x1f57114d790 of 132 bytes failed: Ukoñczono tylko czêœæ ¿¹dania ReadProcessMemory lub WriteProcessMemory. (0x12B)
[0121/090939.868:ERROR:process_memory_win.cc(73)] ReadMemory at 0x1f57114d8c0 of 132 bytes failed: Ukoñczono tylko czêœæ ¿¹dania ReadProcessMemory lub WriteProcessMemory. (0x12B)
[0121/090939.868:ERROR:process_memory_win.cc(73)] ReadMemory at 0x1f57114e500 of 132 bytes failed: Ukoñczono tylko czêœæ ¿¹dania ReadProcessMemory lub WriteProcessMemory. (0x12B)
[0121/090939.868:ERROR:process_memory_win.cc(73)] ReadMemory at 0x1f57114e630 of 132 bytes failed: Ukoñczono tylko czêœæ ¿¹dania ReadProcessMemory lub WriteProcessMemory. (0x12B)
[0121/090939.868:ERROR:process_memory_win.cc(73)] ReadMemory at 0x1f57114e760 of 132 bytes failed: Ukoñczono tylko czêœæ ¿¹dania ReadProcessMemory lub WriteProcessMemory. (0x12B)
[0121/090939.868:ERROR:process_memory_win.cc(73)] ReadMemory at 0x1f57114e890 of 132 bytes failed: Ukoñczono tylko czêœæ ¿¹dania ReadProcessMemory lub WriteProcessMemory. (0x12B)
[0121/090939.868:ERROR:process_memory_win.cc(73)] ReadMemory at 0x1f57114e9c0 of 132 bytes failed: Ukoñczono tylko czêœæ ¿¹dania ReadProcessMemory lub WriteProcessMemory. (0x12B)
[0121/090939.868:ERROR:process_memory_win.cc(73)] ReadMemory at 0x1f57114eaf0 of 132 bytes failed: Ukoñczono tylko czêœæ ¿¹dania ReadProcessMemory lub WriteProcessMemory. (0x12B)
[0121/090939.868:ERROR:process_memory_win.cc(73)] ReadMemory at 0x1f57114ec20 of 132 bytes failed: Ukoñczono tylko czêœæ ¿¹dania ReadProcessMemory lub WriteProcessMemory. (0x12B)
[0121/090939.868:ERROR:process_memory_win.cc(73)] ReadMemory at 0x1f57114ee80 of 132 bytes failed: Ukoñczono tylko czêœæ ¿¹dania ReadProcessMemory lub WriteProcessMemory. (0x12B)
[0121/090939.868:ERROR:process_memory_win.cc(73)] ReadMemory at 0x1f57114efb0 of 132 bytes failed: Ukoñczono tylko czêœæ ¿¹dania ReadProcessMemory lub WriteProcessMemory. (0x12B)
[0121/090939.868:ERROR:process_memory_win.cc(73)] ReadMemory at 0x1f57114f0e0 of 132 bytes failed: Ukoñczono tylko czêœæ ¿¹dania ReadProcessMemory lub WriteProcessMemory. (0x12B)
[0121/090939.868:ERROR:process_memory_win.cc(73)] ReadMemory at 0x1f57114f210 of 132 bytes failed: Ukoñczono tylko czêœæ ¿¹dania ReadProcessMemory lub WriteProcessMemory. (0x12B)
[0121/090939.868:ERROR:process_memory_win.cc(73)] ReadMemory at 0x1f57114f340 of 132 bytes failed: Ukoñczono tylko czêœæ ¿¹dania ReadProcessMemory lub WriteProcessMemory. (0x12B)
[0121/090939.868:ERROR:process_memory_win.cc(73)] ReadMemory at 0x1f571150d90 of 132 bytes failed: Ukoñczono tylko czêœæ ¿¹dania ReadProcessMemory lub WriteProcessMemory. (0x12B)
[0121/090939.868:ERROR:process_memory_win.cc(73)] ReadMemory at 0x1f571151130 of 132 bytes failed: Ukoñczono tylko czêœæ ¿¹dania ReadProcessMemory lub WriteProcessMemory. (0x12B)
[0121/090939.868:ERROR:process_memory_win.cc(73)] ReadMemory at 0x1f571154020 of 132 bytes failed: Ukoñczono tylko czêœæ ¿¹dania ReadProcessMemory lub WriteProcessMemory. (0x12B)
[0121/090939.868:ERROR:process_memory_win.cc(73)] ReadMemory at 0x1f571154150 of 132 bytes failed: Ukoñczono tylko czêœæ ¿¹dania ReadProcessMemory lub WriteProcessMemory. (0x12B)
[0121/090939.868:ERROR:process_memory_win.cc(73)] ReadMemory at 0x1f571154280 of 132 bytes failed: Ukoñczono tylko czêœæ ¿¹dania ReadProcessMemory lub WriteProcessMemory. (0x12B)
[0121/090939.868:ERROR:process_memory_win.cc(73)] ReadMemory at 0x1f5711543b0 of 132 bytes failed: Ukoñczono tylko czêœæ ¿¹dania ReadProcessMemory lub WriteProcessMemory. (0x12B)
[0121/090939.868:ERROR:process_memory_win.cc(73)] ReadMemory at 0x1f5711544e0 of 132 bytes failed: Ukoñczono tylko czêœæ ¿¹dania ReadProcessMemory lub WriteProcessMemory. (0x12B)
[0121/090939.868:ERROR:process_memory_win.cc(73)] ReadMemory at 0x1f571154870 of 132 bytes failed: Ukoñczono tylko czêœæ ¿¹dania ReadProcessMemory lub WriteProcessMemory. (0x12B)
[0121/090939.868:ERROR:process_memory_win.cc(73)] ReadMemory at 0x1f5711549a0 of 132 bytes failed: Ukoñczono tylko czêœæ ¿¹dania ReadProcessMemory lub WriteProcessMemory. (0x12B)
[0121/090939.868:ERROR:process_memory_win.cc(73)] ReadMemory at 0x1f571154ad0 of 132 bytes failed: Ukoñczono tylko czêœæ ¿¹dania ReadProcessMemory lub WriteProcessMemory. (0x12B)
[0121/090939.868:ERROR:process_memory_win.cc(73)] ReadMemory at 0x1f571154c00 of 132 bytes failed: Ukoñczono tylko czêœæ ¿¹dania ReadProcessMemory lub WriteProcessMemory. (0x12B)
[0121/090939.868:ERROR:process_memory_win.cc(73)] ReadMemory at 0x1f571154d30 of 132 bytes failed: Ukoñczono tylko czêœæ ¿¹dania ReadProcessMemory lub WriteProcessMemory. (0x12B)
[0121/090939.868:ERROR:process_memory_win.cc(73)] ReadMemory at 0x1f571154e60 of 132 bytes failed: Ukoñczono tylko czêœæ ¿¹dania ReadProcessMemory lub WriteProcessMemory. (0x12B)
[0121/090939.868:ERROR:process_memory_win.cc(73)] ReadMemory at 0x1f5711557e0 of 132 bytes failed: Ukoñczono tylko czêœæ ¿¹dania ReadProcessMemory lub WriteProcessMemory. (0x12B)
[0121/090939.868:ERROR:process_memory_win.cc(73)] ReadMemory at 0x1f571155910 of 132 bytes failed: Ukoñczono tylko czêœæ ¿¹dania ReadProcessMemory lub WriteProcessMemory. (0x12B)
[0121/090939.868:ERROR:process_memory_win.cc(73)] ReadMemory at 0x1f571155a40 of 132 bytes failed: Ukoñczono tylko czêœæ ¿¹dania ReadProcessMemory lub WriteProcessMemory. (0x12B)
[0121/090939.868:ERROR:process_memory_win.cc(73)] ReadMemory at 0x1f571155b70 of 132 bytes failed: Ukoñczono tylko czêœæ ¿¹dania ReadProcessMemory lub WriteProcessMemory. (0x12B)
[0121/090939.868:ERROR:process_memory_win.cc(73)] ReadMemory at 0x1f571155ca0 of 132 bytes failed: Ukoñczono tylko czêœæ ¿¹dania ReadProcessMemory lub WriteProcessMemory. (0x12B)
[0121/090939.868:ERROR:process_memory_win.cc(73)] ReadMemory at 0x1f571155dd0 of 132 bytes failed: Ukoñczono tylko czêœæ ¿¹dania ReadProcessMemory lub WriteProcessMemory. (0x12B)
[0121/090939.868:ERROR:process_memory_win.cc(73)] ReadMemory at 0x1f5711564b0 of 76 bytes failed: Ukoñczono tylko czêœæ ¿¹dania ReadProcessMemory lub WriteProcessMemory. (0x12B)
[0121/090939.868:ERROR:process_memory_win.cc(73)] ReadMemory at 0x1f571156e10 of 78 bytes failed: Ukoñczono tylko czêœæ ¿¹dania ReadProcessMemory lub WriteProcessMemory. (0x12B)
[0121/090939.868:ERROR:process_memory_win.cc(73)] ReadMemory at 0x1f5711577a0 of 60 bytes failed: Ukoñczono tylko czêœæ ¿¹dania ReadProcessMemory lub WriteProcessMemory. (0x12B)
[0121/090939.868:ERROR:process_memory_win.cc(73)] ReadMemory at 0x1f571157980 of 60 bytes failed: Ukoñczono tylko czêœæ ¿¹dania ReadProcessMemory lub WriteProcessMemory. (0x12B)
[0121/090939.868:ERROR:process_memory_win.cc(73)] ReadMemory at 0x1f5711579d0 of 66 bytes failed: Ukoñczono tylko czêœæ ¿¹dania ReadProcessMemory lub WriteProcessMemory. (0x12B)
[0121/090939.868:ERROR:process_memory_win.cc(73)] ReadMemory at 0x1f571157b60 of 62 bytes failed: Ukoñczono tylko czêœæ ¿¹dania ReadProcessMemory lub WriteProcessMemory. (0x12B)
[0121/090939.868:ERROR:process_memory_win.cc(73)] ReadMemory at 0x1f571157bb0 of 62 bytes failed: Ukoñczono tylko czêœæ ¿¹dania ReadProcessMemory lub WriteProcessMemory. (0x12B)
[0121/090939.868:ERROR:process_memory_win.cc(73)] ReadMemory at 0x1f571157ca0 of 66 bytes failed: Ukoñczono tylko czêœæ ¿¹dania ReadProcessMemory lub WriteProcessMemory. (0x12B)
[0121/090939.868:ERROR:process_memory_win.cc(73)] ReadMemory at 0x1f571157cf0 of 62 bytes failed: Ukoñczono tylko czêœæ ¿¹dania ReadProcessMemory lub WriteProcessMemory. (0x12B)
[0121/090939.868:ERROR:process_memory_win.cc(73)] ReadMemory at 0x1f571157de0 of 58 bytes failed: Ukoñczono tylko czêœæ ¿¹dania ReadProcessMemory lub WriteProcessMemory. (0x12B)
[0121/090939.868:ERROR:process_memory_win.cc(73)] ReadMemory at 0x1f571157e30 of 60 bytes failed: Ukoñczono tylko czêœæ ¿¹dania ReadProcessMemory lub WriteProcessMemory. (0x12B)
[0121/090939.868:ERROR:process_memory_win.cc(73)] ReadMemory at 0x1f571157f70 of 60 bytes failed: Ukoñczono tylko czêœæ ¿¹dania ReadProcessMemory lub WriteProcessMemory. (0x12B)
[0121/090939.868:ERROR:process_memory_win.cc(73)] ReadMemory at 0x1f571158010 of 64 bytes failed: Ukoñczono tylko czêœæ ¿¹dania ReadProcessMemory lub WriteProcessMemory. (0x12B)
[0121/090939.868:ERROR:process_memory_win.cc(73)] ReadMemory at 0x1f5711581f0 of 64 bytes failed: Ukoñczono tylko czêœæ ¿¹dania ReadProcessMemory lub WriteProcessMemory. (0x12B)
[0121/090939.868:ERROR:process_memory_win.cc(73)] ReadMemory at 0x1f5711582e0 of 58 bytes failed: Ukoñczono tylko czêœæ ¿¹dania ReadProcessMemory lub WriteProcessMemory. (0x12B)
[0121/090939.868:ERROR:process_memory_win.cc(73)] ReadMemory at 0x1f571516660 of 512 bytes failed: Ukoñczono tylko czêœæ ¿¹dania ReadProcessMemory lub WriteProcessMemory. (0x12B)
[0121/090939.868:ERROR:process_memory_win.cc(73)] ReadMemory at 0x1fc00b217f98 of 512 bytes failed: Ukoñczono tylko czêœæ ¿¹dania ReadProcessMemory lub WriteProcessMemory. (0x12B)
[0121/090939.868:ERROR:process_memory_win.cc(73)] ReadMemory at 0x1fc00b22d100 of 512 bytes failed: Ukoñczono tylko czêœæ ¿¹dania ReadProcessMemory lub WriteProcessMemory. (0x12B)
[0121/090939.868:ERROR:process_memory_win.cc(73)] ReadMemory at 0x22c3eef06259 of 512 bytes failed: Ukoñczono tylko czêœæ ¿¹dania ReadProcessMemory lub WriteProcessMemory. (0x12B)
[0121/090939.868:ERROR:process_memory_win.cc(73)] ReadMemory at 0x22c3eef1c880 of 512 bytes failed: Ukoñczono tylko czêœæ ¿¹dania ReadProcessMemory lub WriteProcessMemory. (0x12B)
[0121/090939.868:ERROR:process_memory_win.cc(73)] ReadMemory at 0x7ffe412b1bd0 of 512 bytes failed: Ukoñczono tylko czêœæ ¿¹dania ReadProcessMemory lub WriteProcessMemory. (0x12B)
[0121/090939.868:ERROR:process_memory_win.cc(73)] ReadMemory at 0x7ffe44f2cdd0 of 512 bytes failed: Ukoñczono tylko czêœæ ¿¹dania ReadProcessMemory lub WriteProcessMemory. (0x12B)
[0121/090939.868:ERROR:process_memory_win.cc(73)] ReadMemory at 0x7ffe7d0a5498 of 512 bytes failed: Ukoñczono tylko czêœæ ¿¹dania ReadProcessMemory lub WriteProcessMemory. (0x12B)
[0121/090939.868:ERROR:process_memory_win.cc(73)] ReadMemory at 0x7ffe802400d4 of 512 bytes failed: Ukoñczono tylko czêœæ ¿¹dania ReadProcessMemory lub WriteProcessMemory. (0x12B)
[0121/090939.868:ERROR:process_memory_win.cc(73)] ReadMemory at 0x7ffe802406d4 of 512 bytes failed: Ukoñczono tylko czêœæ ¿¹dania ReadProcessMemory lub WriteProcessMemory. (0x12B)
[0121/090939.868:ERROR:process_memory_win.cc(73)] ReadMemory at 0x7ffe802c3540 of 18 bytes failed: Ukoñczono tylko czêœæ ¿¹dania ReadProcessMemory lub WriteProcessMemory. (0x12B)
[0121/090939.868:ERROR:process_memory_win.cc(73)] ReadMemory at 0x7ffe802f95e8 of 40 bytes failed: Ukoñczono tylko czêœæ ¿¹dania ReadProcessMemory lub WriteProcessMemory. (0x12B)
[0121/090939.868:ERROR:process_memory_win.cc(73)] ReadMemory at 0x7ffe802f99f8 of 48 bytes failed: Ukoñczono tylko czêœæ ¿¹dania ReadProcessMemory lub WriteProcessMemory. (0x12B)
[0121/090939.868:ERROR:process_memory_win.cc(73)] ReadMemory at 0x7ffe802ff3a0 of 64 bytes failed: Ukoñczono tylko czêœæ ¿¹dania ReadProcessMemory lub WriteProcessMemory. (0x12B)
[0121/090939.868:ERROR:scoped_process_suspend.cc(40)] NtResumeProcess: Podjêto próbê uzyskania dostêpu do procesu koñcz¹cego dzia³anie. (0xc000010a)
[0121/092236.173:ERROR:process_info.cc(359)] UncheckedAllocate
